C51 COMPILER V9.60.7.0   PUBLIC                                                            04/12/2024 15:21:17 PAGE 1   


C51 COMPILER V9.60.7.0, COMPILATION OF MODULE PUBLIC
OBJECT MODULE PLACED IN .\Obj\public.obj
COMPILER INVOKED BY: C:\Keil_v5\C51\BIN\C51.EXE Public\public.c OPTIMIZE(8,SPEED) BROWSE INCDIR(.\App\24c02;.\App\iic;.\
                    -App\key;.\App\smg;.\Public;.\App\ds18b20;.\App\ds1302;.\App\ired;.\App\time;.\App\xpt2046) DEBUG OBJECTEXTEND PRINT(.\Ob
                    -j\public.lst) TABS(2) OBJECT(.\Obj\public.obj)

line level    source

   1          #include "public.h"
   2          
   3          /*******************************************************************************
   4          * delay_10us
   5          *******************************************************************************/
   6          void delay_10us(u16 ten_us)
   7          {
   8   1        while(ten_us--);  
   9   1      }
  10          
  11          /*******************************************************************************
  12          * delay_ms
  13          * when ms=1, delay for 1ms
  14          *******************************************************************************/
  15          void delay_ms(u16 ms)
  16          {
  17   1        u16 i,j;
  18   1        for(i=ms;i>0;i--)
  19   1          for(j=110;j>0;j--);
  20   1      }


MODULE INFORMATION:   STATIC OVERLAYABLE
   CODE SIZE        =     41    ----
   CONSTANT SIZE    =   ----    ----
   XDATA SIZE       =   ----    ----
   PDATA SIZE       =   ----    ----
   DATA SIZE        =   ----    ----
   IDATA SIZE       =   ----    ----
   BIT SIZE         =   ----    ----
END OF MODULE INFORMATION.


C51 COMPILATION COMPLETE.  0 WARNING(S),  0 ERROR(S)
